CRITICAL - 2024-04-08 15:00:40 --> ParseError: syntax error, unexpected token ";"
[Method: GET, Route: wishlist/awdawasdas]
in APPPATH\Views\wishlist.php on line 16.
 1 SYSTEMPATH\View\View.php(237): CodeIgniter\View\View->CodeIgniter\View\{closure}()
 2 SYSTEMPATH\Common.php(1171): CodeIgniter\View\View->render('wishlist', [], true)
 3 APPPATH\Controllers\Wishlist.php(17): view('wishlist', [...])
 4 SYSTEMPATH\CodeIgniter.php(933): App\Controllers\Wishlist->slug('awdawasdas')
 5 SYSTEMPATH\CodeIgniter.php(509): CodeIgniter\CodeIgniter->runController(Object(App\Controllers\Wishlist))
 6 SYSTEMPATH\CodeIgniter.php(355): CodeIgniter\CodeIgniter->handleRequest(null, Object(Config\Cache), false)
 7 SYSTEMPATH\Boot.php(312): CodeIgniter\CodeIgniter->run()
 8 SYSTEMPATH\Boot.php(67): CodeIgniter\Boot::runCodeIgniter(Object(CodeIgniter\CodeIgniter))
 9 FCPATH\index.php(56): CodeIgniter\Boot::bootWeb(Object(Config\Paths))
10 SYSTEMPATH\Commands\Server\rewrite.php(49): require_once('C:\\Users\\Administrator\\Documents\\GitHub\\alasliving\\public\\index.php')
ERROR - 2024-04-08 15:18:26 --> mysqli_sql_exception: You have an error in your SQL syntax; check the manual that corresponds to your MariaDB server version for the right syntax to use near ''select * from ta_wishlist where slug ='081791f6385d73c30c0b70043e7f05f2'' at line 1 in C:\Users\Administrator\Documents\GitHub\alasliving\system\Database\MySQLi\Connection.php:308
Stack trace:
#0 C:\Users\Administrator\Documents\GitHub\alasliving\system\Database\MySQLi\Connection.php(308): mysqli->query(''select * from ...', 0)
#1 C:\Users\Administrator\Documents\GitHub\alasliving\system\Database\BaseConnection.php(721): CodeIgniter\Database\MySQLi\Connection->execute(''select * from ...')
#2 C:\Users\Administrator\Documents\GitHub\alasliving\system\Database\BaseConnection.php(635): CodeIgniter\Database\BaseConnection->simpleQuery(''select * from ...')
#3 C:\Users\Administrator\Documents\GitHub\alasliving\app\Controllers\Wishlist.php(17): CodeIgniter\Database\BaseConnection->query(''select * from ...')
#4 C:\Users\Administrator\Documents\GitHub\alasliving\system\CodeIgniter.php(933): App\Controllers\Wishlist->slug('081791f6385d73c...')
#5 C:\Users\Administrator\Documents\GitHub\alasliving\system\CodeIgniter.php(509): CodeIgniter\CodeIgniter->runController(Object(App\Controllers\Wishlist))
#6 C:\Users\Administrator\Documents\GitHub\alasliving\system\CodeIgniter.php(355): CodeIgniter\CodeIgniter->handleRequest(NULL, Object(Config\Cache), false)
#7 C:\Users\Administrator\Documents\GitHub\alasliving\system\Boot.php(312): CodeIgniter\CodeIgniter->run()
#8 C:\Users\Administrator\Documents\GitHub\alasliving\system\Boot.php(67): CodeIgniter\Boot::runCodeIgniter(Object(CodeIgniter\CodeIgniter))
#9 C:\Users\Administrator\Documents\GitHub\alasliving\public\index.php(56): CodeIgniter\Boot::bootWeb(Object(Config\Paths))
#10 C:\Users\Administrator\Documents\GitHub\alasliving\system\Commands\Server\rewrite.php(49): require_once('C:\\Users\\Admini...')
#11 {main}
CRITICAL - 2024-04-08 15:18:26 --> CodeIgniter\Database\Exceptions\DatabaseException: You have an error in your SQL syntax; check the manual that corresponds to your MariaDB server version for the right syntax to use near ''select * from ta_wishlist where slug ='081791f6385d73c30c0b70043e7f05f2'' at line 1
[Method: GET, Route: wishlist/081791f6385d73c30c0b70043e7f05f2]
in SYSTEMPATH\Database\BaseConnection.php on line 675.
 1 APPPATH\Controllers\Wishlist.php(17): CodeIgniter\Database\BaseConnection->query('\'select * from ta_wishlist where slug =\'081791f6385d73c30c0b70043e7f05f2\'')
 2 SYSTEMPATH\CodeIgniter.php(933): App\Controllers\Wishlist->slug('081791f6385d73c30c0b70043e7f05f2')
 3 SYSTEMPATH\CodeIgniter.php(509): CodeIgniter\CodeIgniter->runController(Object(App\Controllers\Wishlist))
 4 SYSTEMPATH\CodeIgniter.php(355): CodeIgniter\CodeIgniter->handleRequest(null, Object(Config\Cache), false)
 5 SYSTEMPATH\Boot.php(312): CodeIgniter\CodeIgniter->run()
 6 SYSTEMPATH\Boot.php(67): CodeIgniter\Boot::runCodeIgniter(Object(CodeIgniter\CodeIgniter))
 7 FCPATH\index.php(56): CodeIgniter\Boot::bootWeb(Object(Config\Paths))
 8 SYSTEMPATH\Commands\Server\rewrite.php(49): require_once('C:\\Users\\Administrator\\Documents\\GitHub\\alasliving\\public\\index.php')
CRITICAL - 2024-04-08 15:18:26 --> [Caused by] CodeIgniter\Database\Exceptions\DatabaseException: You have an error in your SQL syntax; check the manual that corresponds to your MariaDB server version for the right syntax to use near ''select * from ta_wishlist where slug ='081791f6385d73c30c0b70043e7f05f2'' at line 1
in SYSTEMPATH\Database\MySQLi\Connection.php on line 313.
 1 SYSTEMPATH\Database\BaseConnection.php(721): CodeIgniter\Database\MySQLi\Connection->execute('\'select * from ta_wishlist where slug =\'081791f6385d73c30c0b70043e7f05f2\'')
 2 SYSTEMPATH\Database\BaseConnection.php(635): CodeIgniter\Database\BaseConnection->simpleQuery('\'select * from ta_wishlist where slug =\'081791f6385d73c30c0b70043e7f05f2\'')
 3 APPPATH\Controllers\Wishlist.php(17): CodeIgniter\Database\BaseConnection->query('\'select * from ta_wishlist where slug =\'081791f6385d73c30c0b70043e7f05f2\'')
 4 SYSTEMPATH\CodeIgniter.php(933): App\Controllers\Wishlist->slug('081791f6385d73c30c0b70043e7f05f2')
 5 SYSTEMPATH\CodeIgniter.php(509): CodeIgniter\CodeIgniter->runController(Object(App\Controllers\Wishlist))
 6 SYSTEMPATH\CodeIgniter.php(355): CodeIgniter\CodeIgniter->handleRequest(null, Object(Config\Cache), false)
 7 SYSTEMPATH\Boot.php(312): CodeIgniter\CodeIgniter->run()
 8 SYSTEMPATH\Boot.php(67): CodeIgniter\Boot::runCodeIgniter(Object(CodeIgniter\CodeIgniter))
 9 FCPATH\index.php(56): CodeIgniter\Boot::bootWeb(Object(Config\Paths))
10 SYSTEMPATH\Commands\Server\rewrite.php(49): require_once('C:\\Users\\Administrator\\Documents\\GitHub\\alasliving\\public\\index.php')
CRITICAL - 2024-04-08 15:18:26 --> [Caused by] mysqli_sql_exception: You have an error in your SQL syntax; check the manual that corresponds to your MariaDB server version for the right syntax to use near ''select * from ta_wishlist where slug ='081791f6385d73c30c0b70043e7f05f2'' at line 1
in SYSTEMPATH\Database\MySQLi\Connection.php on line 308.
 1 SYSTEMPATH\Database\MySQLi\Connection.php(308): mysqli->query('\'select * from ta_wishlist where slug =\'081791f6385d73c30c0b70043e7f05f2\'', 0)
 2 SYSTEMPATH\Database\BaseConnection.php(721): CodeIgniter\Database\MySQLi\Connection->execute('\'select * from ta_wishlist where slug =\'081791f6385d73c30c0b70043e7f05f2\'')
 3 SYSTEMPATH\Database\BaseConnection.php(635): CodeIgniter\Database\BaseConnection->simpleQuery('\'select * from ta_wishlist where slug =\'081791f6385d73c30c0b70043e7f05f2\'')
 4 APPPATH\Controllers\Wishlist.php(17): CodeIgniter\Database\BaseConnection->query('\'select * from ta_wishlist where slug =\'081791f6385d73c30c0b70043e7f05f2\'')
 5 SYSTEMPATH\CodeIgniter.php(933): App\Controllers\Wishlist->slug('081791f6385d73c30c0b70043e7f05f2')
 6 SYSTEMPATH\CodeIgniter.php(509): CodeIgniter\CodeIgniter->runController(Object(App\Controllers\Wishlist))
 7 SYSTEMPATH\CodeIgniter.php(355): CodeIgniter\CodeIgniter->handleRequest(null, Object(Config\Cache), false)
 8 SYSTEMPATH\Boot.php(312): CodeIgniter\CodeIgniter->run()
 9 SYSTEMPATH\Boot.php(67): CodeIgniter\Boot::runCodeIgniter(Object(CodeIgniter\CodeIgniter))
10 FCPATH\index.php(56): CodeIgniter\Boot::bootWeb(Object(Config\Paths))
11 SYSTEMPATH\Commands\Server\rewrite.php(49): require_once('C:\\Users\\Administrator\\Documents\\GitHub\\alasliving\\public\\index.php')
ERROR - 2024-04-08 15:19:16 --> mysqli_sql_exception: You have an error in your SQL syntax; check the manual that corresponds to your MariaDB server version for the right syntax to use near ''select * from ta_wishlist where slug ='sad'' at line 1 in C:\Users\Administrator\Documents\GitHub\alasliving\system\Database\MySQLi\Connection.php:308
Stack trace:
#0 C:\Users\Administrator\Documents\GitHub\alasliving\system\Database\MySQLi\Connection.php(308): mysqli->query(''select * from ...', 0)
#1 C:\Users\Administrator\Documents\GitHub\alasliving\system\Database\BaseConnection.php(721): CodeIgniter\Database\MySQLi\Connection->execute(''select * from ...')
#2 C:\Users\Administrator\Documents\GitHub\alasliving\system\Database\BaseConnection.php(635): CodeIgniter\Database\BaseConnection->simpleQuery(''select * from ...')
#3 C:\Users\Administrator\Documents\GitHub\alasliving\app\Controllers\Wishlist.php(17): CodeIgniter\Database\BaseConnection->query(''select * from ...')
#4 C:\Users\Administrator\Documents\GitHub\alasliving\system\CodeIgniter.php(933): App\Controllers\Wishlist->slug('sad')
#5 C:\Users\Administrator\Documents\GitHub\alasliving\system\CodeIgniter.php(509): CodeIgniter\CodeIgniter->runController(Object(App\Controllers\Wishlist))
#6 C:\Users\Administrator\Documents\GitHub\alasliving\system\CodeIgniter.php(355): CodeIgniter\CodeIgniter->handleRequest(NULL, Object(Config\Cache), false)
#7 C:\Users\Administrator\Documents\GitHub\alasliving\system\Boot.php(312): CodeIgniter\CodeIgniter->run()
#8 C:\Users\Administrator\Documents\GitHub\alasliving\system\Boot.php(67): CodeIgniter\Boot::runCodeIgniter(Object(CodeIgniter\CodeIgniter))
#9 C:\Users\Administrator\Documents\GitHub\alasliving\public\index.php(56): CodeIgniter\Boot::bootWeb(Object(Config\Paths))
#10 C:\Users\Administrator\Documents\GitHub\alasliving\system\Commands\Server\rewrite.php(49): require_once('C:\\Users\\Admini...')
#11 {main}
CRITICAL - 2024-04-08 15:19:16 --> CodeIgniter\Database\Exceptions\DatabaseException: You have an error in your SQL syntax; check the manual that corresponds to your MariaDB server version for the right syntax to use near ''select * from ta_wishlist where slug ='sad'' at line 1
[Method: GET, Route: wishlist/sad]
in SYSTEMPATH\Database\BaseConnection.php on line 675.
 1 APPPATH\Controllers\Wishlist.php(17): CodeIgniter\Database\BaseConnection->query('\'select * from ta_wishlist where slug =\'sad\'')
 2 SYSTEMPATH\CodeIgniter.php(933): App\Controllers\Wishlist->slug('sad')
 3 SYSTEMPATH\CodeIgniter.php(509): CodeIgniter\CodeIgniter->runController(Object(App\Controllers\Wishlist))
 4 SYSTEMPATH\CodeIgniter.php(355): CodeIgniter\CodeIgniter->handleRequest(null, Object(Config\Cache), false)
 5 SYSTEMPATH\Boot.php(312): CodeIgniter\CodeIgniter->run()
 6 SYSTEMPATH\Boot.php(67): CodeIgniter\Boot::runCodeIgniter(Object(CodeIgniter\CodeIgniter))
 7 FCPATH\index.php(56): CodeIgniter\Boot::bootWeb(Object(Config\Paths))
 8 SYSTEMPATH\Commands\Server\rewrite.php(49): require_once('C:\\Users\\Administrator\\Documents\\GitHub\\alasliving\\public\\index.php')
CRITICAL - 2024-04-08 15:19:16 --> [Caused by] CodeIgniter\Database\Exceptions\DatabaseException: You have an error in your SQL syntax; check the manual that corresponds to your MariaDB server version for the right syntax to use near ''select * from ta_wishlist where slug ='sad'' at line 1
in SYSTEMPATH\Database\MySQLi\Connection.php on line 313.
 1 SYSTEMPATH\Database\BaseConnection.php(721): CodeIgniter\Database\MySQLi\Connection->execute('\'select * from ta_wishlist where slug =\'sad\'')
 2 SYSTEMPATH\Database\BaseConnection.php(635): CodeIgniter\Database\BaseConnection->simpleQuery('\'select * from ta_wishlist where slug =\'sad\'')
 3 APPPATH\Controllers\Wishlist.php(17): CodeIgniter\Database\BaseConnection->query('\'select * from ta_wishlist where slug =\'sad\'')
 4 SYSTEMPATH\CodeIgniter.php(933): App\Controllers\Wishlist->slug('sad')
 5 SYSTEMPATH\CodeIgniter.php(509): CodeIgniter\CodeIgniter->runController(Object(App\Controllers\Wishlist))
 6 SYSTEMPATH\CodeIgniter.php(355): CodeIgniter\CodeIgniter->handleRequest(null, Object(Config\Cache), false)
 7 SYSTEMPATH\Boot.php(312): CodeIgniter\CodeIgniter->run()
 8 SYSTEMPATH\Boot.php(67): CodeIgniter\Boot::runCodeIgniter(Object(CodeIgniter\CodeIgniter))
 9 FCPATH\index.php(56): CodeIgniter\Boot::bootWeb(Object(Config\Paths))
10 SYSTEMPATH\Commands\Server\rewrite.php(49): require_once('C:\\Users\\Administrator\\Documents\\GitHub\\alasliving\\public\\index.php')
CRITICAL - 2024-04-08 15:19:16 --> [Caused by] mysqli_sql_exception: You have an error in your SQL syntax; check the manual that corresponds to your MariaDB server version for the right syntax to use near ''select * from ta_wishlist where slug ='sad'' at line 1
in SYSTEMPATH\Database\MySQLi\Connection.php on line 308.
 1 SYSTEMPATH\Database\MySQLi\Connection.php(308): mysqli->query('\'select * from ta_wishlist where slug =\'sad\'', 0)
 2 SYSTEMPATH\Database\BaseConnection.php(721): CodeIgniter\Database\MySQLi\Connection->execute('\'select * from ta_wishlist where slug =\'sad\'')
 3 SYSTEMPATH\Database\BaseConnection.php(635): CodeIgniter\Database\BaseConnection->simpleQuery('\'select * from ta_wishlist where slug =\'sad\'')
 4 APPPATH\Controllers\Wishlist.php(17): CodeIgniter\Database\BaseConnection->query('\'select * from ta_wishlist where slug =\'sad\'')
 5 SYSTEMPATH\CodeIgniter.php(933): App\Controllers\Wishlist->slug('sad')
 6 SYSTEMPATH\CodeIgniter.php(509): CodeIgniter\CodeIgniter->runController(Object(App\Controllers\Wishlist))
 7 SYSTEMPATH\CodeIgniter.php(355): CodeIgniter\CodeIgniter->handleRequest(null, Object(Config\Cache), false)
 8 SYSTEMPATH\Boot.php(312): CodeIgniter\CodeIgniter->run()
 9 SYSTEMPATH\Boot.php(67): CodeIgniter\Boot::runCodeIgniter(Object(CodeIgniter\CodeIgniter))
10 FCPATH\index.php(56): CodeIgniter\Boot::bootWeb(Object(Config\Paths))
11 SYSTEMPATH\Commands\Server\rewrite.php(49): require_once('C:\\Users\\Administrator\\Documents\\GitHub\\alasliving\\public\\index.php')
ERROR - 2024-04-08 15:19:49 --> mysqli_sql_exception: You have an error in your SQL syntax; check the manual that corresponds to your MariaDB server version for the right syntax to use near ''select * from ta_wishlist where slug ='sad'' at line 1 in C:\Users\Administrator\Documents\GitHub\alasliving\system\Database\MySQLi\Connection.php:308
Stack trace:
#0 C:\Users\Administrator\Documents\GitHub\alasliving\system\Database\MySQLi\Connection.php(308): mysqli->query(''select * from ...', 0)
#1 C:\Users\Administrator\Documents\GitHub\alasliving\system\Database\BaseConnection.php(721): CodeIgniter\Database\MySQLi\Connection->execute(''select * from ...')
#2 C:\Users\Administrator\Documents\GitHub\alasliving\system\Database\BaseConnection.php(635): CodeIgniter\Database\BaseConnection->simpleQuery(''select * from ...')
#3 C:\Users\Administrator\Documents\GitHub\alasliving\app\Controllers\Wishlist.php(17): CodeIgniter\Database\BaseConnection->query(''select * from ...')
#4 C:\Users\Administrator\Documents\GitHub\alasliving\system\CodeIgniter.php(933): App\Controllers\Wishlist->slug('sad')
#5 C:\Users\Administrator\Documents\GitHub\alasliving\system\CodeIgniter.php(509): CodeIgniter\CodeIgniter->runController(Object(App\Controllers\Wishlist))
#6 C:\Users\Administrator\Documents\GitHub\alasliving\system\CodeIgniter.php(355): CodeIgniter\CodeIgniter->handleRequest(NULL, Object(Config\Cache), false)
#7 C:\Users\Administrator\Documents\GitHub\alasliving\system\Boot.php(312): CodeIgniter\CodeIgniter->run()
#8 C:\Users\Administrator\Documents\GitHub\alasliving\system\Boot.php(67): CodeIgniter\Boot::runCodeIgniter(Object(CodeIgniter\CodeIgniter))
#9 C:\Users\Administrator\Documents\GitHub\alasliving\public\index.php(56): CodeIgniter\Boot::bootWeb(Object(Config\Paths))
#10 C:\Users\Administrator\Documents\GitHub\alasliving\system\Commands\Server\rewrite.php(49): require_once('C:\\Users\\Admini...')
#11 {main}
CRITICAL - 2024-04-08 15:19:49 --> CodeIgniter\Database\Exceptions\DatabaseException: You have an error in your SQL syntax; check the manual that corresponds to your MariaDB server version for the right syntax to use near ''select * from ta_wishlist where slug ='sad'' at line 1
[Method: GET, Route: wishlist/sad]
in SYSTEMPATH\Database\BaseConnection.php on line 675.
 1 APPPATH\Controllers\Wishlist.php(17): CodeIgniter\Database\BaseConnection->query('\'select * from ta_wishlist where slug =\'sad\'')
 2 SYSTEMPATH\CodeIgniter.php(933): App\Controllers\Wishlist->slug('sad')
 3 SYSTEMPATH\CodeIgniter.php(509): CodeIgniter\CodeIgniter->runController(Object(App\Controllers\Wishlist))
 4 SYSTEMPATH\CodeIgniter.php(355): CodeIgniter\CodeIgniter->handleRequest(null, Object(Config\Cache), false)
 5 SYSTEMPATH\Boot.php(312): CodeIgniter\CodeIgniter->run()
 6 SYSTEMPATH\Boot.php(67): CodeIgniter\Boot::runCodeIgniter(Object(CodeIgniter\CodeIgniter))
 7 FCPATH\index.php(56): CodeIgniter\Boot::bootWeb(Object(Config\Paths))
 8 SYSTEMPATH\Commands\Server\rewrite.php(49): require_once('C:\\Users\\Administrator\\Documents\\GitHub\\alasliving\\public\\index.php')
CRITICAL - 2024-04-08 15:19:49 --> [Caused by] CodeIgniter\Database\Exceptions\DatabaseException: You have an error in your SQL syntax; check the manual that corresponds to your MariaDB server version for the right syntax to use near ''select * from ta_wishlist where slug ='sad'' at line 1
in SYSTEMPATH\Database\MySQLi\Connection.php on line 313.
 1 SYSTEMPATH\Database\BaseConnection.php(721): CodeIgniter\Database\MySQLi\Connection->execute('\'select * from ta_wishlist where slug =\'sad\'')
 2 SYSTEMPATH\Database\BaseConnection.php(635): CodeIgniter\Database\BaseConnection->simpleQuery('\'select * from ta_wishlist where slug =\'sad\'')
 3 APPPATH\Controllers\Wishlist.php(17): CodeIgniter\Database\BaseConnection->query('\'select * from ta_wishlist where slug =\'sad\'')
 4 SYSTEMPATH\CodeIgniter.php(933): App\Controllers\Wishlist->slug('sad')
 5 SYSTEMPATH\CodeIgniter.php(509): CodeIgniter\CodeIgniter->runController(Object(App\Controllers\Wishlist))
 6 SYSTEMPATH\CodeIgniter.php(355): CodeIgniter\CodeIgniter->handleRequest(null, Object(Config\Cache), false)
 7 SYSTEMPATH\Boot.php(312): CodeIgniter\CodeIgniter->run()
 8 SYSTEMPATH\Boot.php(67): CodeIgniter\Boot::runCodeIgniter(Object(CodeIgniter\CodeIgniter))
 9 FCPATH\index.php(56): CodeIgniter\Boot::bootWeb(Object(Config\Paths))
10 SYSTEMPATH\Commands\Server\rewrite.php(49): require_once('C:\\Users\\Administrator\\Documents\\GitHub\\alasliving\\public\\index.php')
CRITICAL - 2024-04-08 15:19:49 --> [Caused by] mysqli_sql_exception: You have an error in your SQL syntax; check the manual that corresponds to your MariaDB server version for the right syntax to use near ''select * from ta_wishlist where slug ='sad'' at line 1
in SYSTEMPATH\Database\MySQLi\Connection.php on line 308.
 1 SYSTEMPATH\Database\MySQLi\Connection.php(308): mysqli->query('\'select * from ta_wishlist where slug =\'sad\'', 0)
 2 SYSTEMPATH\Database\BaseConnection.php(721): CodeIgniter\Database\MySQLi\Connection->execute('\'select * from ta_wishlist where slug =\'sad\'')
 3 SYSTEMPATH\Database\BaseConnection.php(635): CodeIgniter\Database\BaseConnection->simpleQuery('\'select * from ta_wishlist where slug =\'sad\'')
 4 APPPATH\Controllers\Wishlist.php(17): CodeIgniter\Database\BaseConnection->query('\'select * from ta_wishlist where slug =\'sad\'')
 5 SYSTEMPATH\CodeIgniter.php(933): App\Controllers\Wishlist->slug('sad')
 6 SYSTEMPATH\CodeIgniter.php(509): CodeIgniter\CodeIgniter->runController(Object(App\Controllers\Wishlist))
 7 SYSTEMPATH\CodeIgniter.php(355): CodeIgniter\CodeIgniter->handleRequest(null, Object(Config\Cache), false)
 8 SYSTEMPATH\Boot.php(312): CodeIgniter\CodeIgniter->run()
 9 SYSTEMPATH\Boot.php(67): CodeIgniter\Boot::runCodeIgniter(Object(CodeIgniter\CodeIgniter))
10 FCPATH\index.php(56): CodeIgniter\Boot::bootWeb(Object(Config\Paths))
11 SYSTEMPATH\Commands\Server\rewrite.php(49): require_once('C:\\Users\\Administrator\\Documents\\GitHub\\alasliving\\public\\index.php')
CRITICAL - 2024-04-08 16:51:39 --> ErrorException: Undefined array key "data_barang"
[Method: GET, Route: wishlist/081791f6385d73c30c0b70043e7f05f2]
in APPPATH\Controllers\Wishlist.php on line 33.
 1 APPPATH\Controllers\Wishlist.php(33): CodeIgniter\Debug\Exceptions->errorHandler(2, 'Undefined array key "data_barang"', 'C:\\Users\\Administrator\\Documents\\GitHub\\alasliving\\app\\Controllers\\Wishlist.php', 33)
 2 SYSTEMPATH\CodeIgniter.php(933): App\Controllers\Wishlist->slug('081791f6385d73c30c0b70043e7f05f2')
 3 SYSTEMPATH\CodeIgniter.php(509): CodeIgniter\CodeIgniter->runController(Object(App\Controllers\Wishlist))
 4 SYSTEMPATH\CodeIgniter.php(355): CodeIgniter\CodeIgniter->handleRequest(null, Object(Config\Cache), false)
 5 SYSTEMPATH\Boot.php(312): CodeIgniter\CodeIgniter->run()
 6 SYSTEMPATH\Boot.php(67): CodeIgniter\Boot::runCodeIgniter(Object(CodeIgniter\CodeIgniter))
 7 FCPATH\index.php(56): CodeIgniter\Boot::bootWeb(Object(Config\Paths))
 8 SYSTEMPATH\Commands\Server\rewrite.php(49): require_once('C:\\Users\\Administrator\\Documents\\GitHub\\alasliving\\public\\index.php')
CRITICAL - 2024-04-08 16:54:38 --> ErrorException: Undefined property: stdClass::$unit
[Method: GET, Route: wishlist/081791f6385d73c30c0b70043e7f05f2]
in APPPATH\Views\wishlist.php on line 28.
 1 APPPATH\Views\wishlist.php(28): CodeIgniter\Debug\Exceptions->errorHandler(2, 'Undefined property: stdClass::$unit', 'C:\\Users\\Administrator\\Documents\\GitHub\\alasliving\\app\\Views\\wishlist.php', 28)
 2 SYSTEMPATH\View\View.php(234): include('C:\\Users\\Administrator\\Documents\\GitHub\\alasliving\\app\\Views\\wishlist.php')
 3 SYSTEMPATH\View\View.php(237): CodeIgniter\View\View->CodeIgniter\View\{closure}()
 4 SYSTEMPATH\Common.php(1171): CodeIgniter\View\View->render('wishlist', [], true)
 5 APPPATH\Controllers\Wishlist.php(35): view('wishlist', [...])
 6 SYSTEMPATH\CodeIgniter.php(933): App\Controllers\Wishlist->slug('081791f6385d73c30c0b70043e7f05f2')
 7 SYSTEMPATH\CodeIgniter.php(509): CodeIgniter\CodeIgniter->runController(Object(App\Controllers\Wishlist))
 8 SYSTEMPATH\CodeIgniter.php(355): CodeIgniter\CodeIgniter->handleRequest(null, Object(Config\Cache), false)
 9 SYSTEMPATH\Boot.php(312): CodeIgniter\CodeIgniter->run()
10 SYSTEMPATH\Boot.php(67): CodeIgniter\Boot::runCodeIgniter(Object(CodeIgniter\CodeIgniter))
11 FCPATH\index.php(56): CodeIgniter\Boot::bootWeb(Object(Config\Paths))
12 SYSTEMPATH\Commands\Server\rewrite.php(49): require_once('C:\\Users\\Administrator\\Documents\\GitHub\\alasliving\\public\\index.php')
WARNING - 2024-04-08 16:54:55 --> [DEPRECATED] number_format(): Passing null to parameter #1 ($num) of type float is deprecated in APPPATH\Views\wishlist.php on line 31.
 1 APPPATH\Views\wishlist.php(31): number_format(null)
 2 SYSTEMPATH\View\View.php(234): include('C:\\Users\\Administrator\\Documents\\GitHub\\alasliving\\app\\Views\\wishlist.php')
 3 SYSTEMPATH\View\View.php(237): CodeIgniter\View\View->CodeIgniter\View\{closure}()
 4 SYSTEMPATH\Common.php(1171): CodeIgniter\View\View->render('wishlist', [], true)
 5 APPPATH\Controllers\Wishlist.php(35): view('wishlist', [...])
 6 SYSTEMPATH\CodeIgniter.php(933): App\Controllers\Wishlist->slug('081791f6385d73c30c0b70043e7f05f2')
 7 SYSTEMPATH\CodeIgniter.php(509): CodeIgniter\CodeIgniter->runController(Object(App\Controllers\Wishlist))
 8 SYSTEMPATH\CodeIgniter.php(355): CodeIgniter\CodeIgniter->handleRequest(null, Object(Config\Cache), false)
 9 SYSTEMPATH\Boot.php(312): CodeIgniter\CodeIgniter->run()
10 SYSTEMPATH\Boot.php(67): CodeIgniter\Boot::runCodeIgniter(Object(CodeIgniter\CodeIgniter))
11 FCPATH\index.php(56): CodeIgniter\Boot::bootWeb(Object(Config\Paths))
12 SYSTEMPATH\Commands\Server\rewrite.php(49): require_once('C:\\Users\\Administrator\\Documents\\GitHub\\alasliving\\public\\index.php')
WARNING - 2024-04-08 16:56:24 --> [DEPRECATED] number_format(): Passing null to parameter #1 ($num) of type float is deprecated in APPPATH\Views\wishlist.php on line 31.
 1 APPPATH\Views\wishlist.php(31): number_format(null)
 2 SYSTEMPATH\View\View.php(234): include('C:\\Users\\Administrator\\Documents\\GitHub\\alasliving\\app\\Views\\wishlist.php')
 3 SYSTEMPATH\View\View.php(237): CodeIgniter\View\View->CodeIgniter\View\{closure}()
 4 SYSTEMPATH\Common.php(1171): CodeIgniter\View\View->render('wishlist', [], true)
 5 APPPATH\Controllers\Wishlist.php(35): view('wishlist', [...])
 6 SYSTEMPATH\CodeIgniter.php(933): App\Controllers\Wishlist->slug('081791f6385d73c30c0b70043e7f05f2')
 7 SYSTEMPATH\CodeIgniter.php(509): CodeIgniter\CodeIgniter->runController(Object(App\Controllers\Wishlist))
 8 SYSTEMPATH\CodeIgniter.php(355): CodeIgniter\CodeIgniter->handleRequest(null, Object(Config\Cache), false)
 9 SYSTEMPATH\Boot.php(312): CodeIgniter\CodeIgniter->run()
10 SYSTEMPATH\Boot.php(67): CodeIgniter\Boot::runCodeIgniter(Object(CodeIgniter\CodeIgniter))
11 FCPATH\index.php(56): CodeIgniter\Boot::bootWeb(Object(Config\Paths))
12 SYSTEMPATH\Commands\Server\rewrite.php(49): require_once('C:\\Users\\Administrator\\Documents\\GitHub\\alasliving\\public\\index.php')
ERROR - 2024-04-08 16:56:31 --> mysqli_sql_exception: You have an error in your SQL syntax; check the manual that corresponds to your MariaDB server version for the right syntax to use near '' at line 4 in C:\Users\Administrator\Documents\GitHub\alasliving\system\Database\MySQLi\Connection.php:308
Stack trace:
#0 C:\Users\Administrator\Documents\GitHub\alasliving\system\Database\MySQLi\Connection.php(308): mysqli->query('SELECT w1.id_su...', 0)
#1 C:\Users\Administrator\Documents\GitHub\alasliving\system\Database\BaseConnection.php(721): CodeIgniter\Database\MySQLi\Connection->execute('SELECT w1.id_su...')
#2 C:\Users\Administrator\Documents\GitHub\alasliving\system\Database\BaseConnection.php(635): CodeIgniter\Database\BaseConnection->simpleQuery('SELECT w1.id_su...')
#3 C:\Users\Administrator\Documents\GitHub\alasliving\app\Controllers\Wishlist.php(28): CodeIgniter\Database\BaseConnection->query('SELECT w1.id_su...')
#4 C:\Users\Administrator\Documents\GitHub\alasliving\system\CodeIgniter.php(933): App\Controllers\Wishlist->slug('sad')
#5 C:\Users\Administrator\Documents\GitHub\alasliving\system\CodeIgniter.php(509): CodeIgniter\CodeIgniter->runController(Object(App\Controllers\Wishlist))
#6 C:\Users\Administrator\Documents\GitHub\alasliving\system\CodeIgniter.php(355): CodeIgniter\CodeIgniter->handleRequest(NULL, Object(Config\Cache), false)
#7 C:\Users\Administrator\Documents\GitHub\alasliving\system\Boot.php(312): CodeIgniter\CodeIgniter->run()
#8 C:\Users\Administrator\Documents\GitHub\alasliving\system\Boot.php(67): CodeIgniter\Boot::runCodeIgniter(Object(CodeIgniter\CodeIgniter))
#9 C:\Users\Administrator\Documents\GitHub\alasliving\public\index.php(56): CodeIgniter\Boot::bootWeb(Object(Config\Paths))
#10 C:\Users\Administrator\Documents\GitHub\alasliving\system\Commands\Server\rewrite.php(49): require_once('C:\\Users\\Admini...')
#11 {main}
CRITICAL - 2024-04-08 16:56:31 --> CodeIgniter\Database\Exceptions\DatabaseException: You have an error in your SQL syntax; check the manual that corresponds to your MariaDB server version for the right syntax to use near '' at line 4
[Method: GET, Route: wishlist/sad]
in SYSTEMPATH\Database\BaseConnection.php on line 675.
 1 APPPATH\Controllers\Wishlist.php(28): CodeIgniter\Database\BaseConnection->query('SELECT w1.id_sub1,w1.qt,w2.nama_barang,w2.harga,w2.qty,w2.link,w2.img,w2.amount,w2.units 
        FROM ta_wishlist_sub1 w1
        LEFT JOIN ta_wishlist_sub2 w2 on w1.id_sub1 = w2.id_sub1
        WHERE w1.id_wishlist =  ')
 2 SYSTEMPATH\CodeIgniter.php(933): App\Controllers\Wishlist->slug('sad')
 3 SYSTEMPATH\CodeIgniter.php(509): CodeIgniter\CodeIgniter->runController(Object(App\Controllers\Wishlist))
 4 SYSTEMPATH\CodeIgniter.php(355): CodeIgniter\CodeIgniter->handleRequest(null, Object(Config\Cache), false)
 5 SYSTEMPATH\Boot.php(312): CodeIgniter\CodeIgniter->run()
 6 SYSTEMPATH\Boot.php(67): CodeIgniter\Boot::runCodeIgniter(Object(CodeIgniter\CodeIgniter))
 7 FCPATH\index.php(56): CodeIgniter\Boot::bootWeb(Object(Config\Paths))
 8 SYSTEMPATH\Commands\Server\rewrite.php(49): require_once('C:\\Users\\Administrator\\Documents\\GitHub\\alasliving\\public\\index.php')
CRITICAL - 2024-04-08 16:56:31 --> [Caused by] CodeIgniter\Database\Exceptions\DatabaseException: You have an error in your SQL syntax; check the manual that corresponds to your MariaDB server version for the right syntax to use near '' at line 4
in SYSTEMPATH\Database\MySQLi\Connection.php on line 313.
 1 SYSTEMPATH\Database\BaseConnection.php(721): CodeIgniter\Database\MySQLi\Connection->execute('SELECT w1.id_sub1,w1.qt,w2.nama_barang,w2.harga,w2.qty,w2.link,w2.img,w2.amount,w2.units 
        FROM ta_wishlist_sub1 w1
        LEFT JOIN ta_wishlist_sub2 w2 on w1.id_sub1 = w2.id_sub1
        WHERE w1.id_wishlist =  ')
 2 SYSTEMPATH\Database\BaseConnection.php(635): CodeIgniter\Database\BaseConnection->simpleQuery('SELECT w1.id_sub1,w1.qt,w2.nama_barang,w2.harga,w2.qty,w2.link,w2.img,w2.amount,w2.units 
        FROM ta_wishlist_sub1 w1
        LEFT JOIN ta_wishlist_sub2 w2 on w1.id_sub1 = w2.id_sub1
        WHERE w1.id_wishlist =  ')
 3 APPPATH\Controllers\Wishlist.php(28): CodeIgniter\Database\BaseConnection->query('SELECT w1.id_sub1,w1.qt,w2.nama_barang,w2.harga,w2.qty,w2.link,w2.img,w2.amount,w2.units 
        FROM ta_wishlist_sub1 w1
        LEFT JOIN ta_wishlist_sub2 w2 on w1.id_sub1 = w2.id_sub1
        WHERE w1.id_wishlist =  ')
 4 SYSTEMPATH\CodeIgniter.php(933): App\Controllers\Wishlist->slug('sad')
 5 SYSTEMPATH\CodeIgniter.php(509): CodeIgniter\CodeIgniter->runController(Object(App\Controllers\Wishlist))
 6 SYSTEMPATH\CodeIgniter.php(355): CodeIgniter\CodeIgniter->handleRequest(null, Object(Config\Cache), false)
 7 SYSTEMPATH\Boot.php(312): CodeIgniter\CodeIgniter->run()
 8 SYSTEMPATH\Boot.php(67): CodeIgniter\Boot::runCodeIgniter(Object(CodeIgniter\CodeIgniter))
 9 FCPATH\index.php(56): CodeIgniter\Boot::bootWeb(Object(Config\Paths))
10 SYSTEMPATH\Commands\Server\rewrite.php(49): require_once('C:\\Users\\Administrator\\Documents\\GitHub\\alasliving\\public\\index.php')
CRITICAL - 2024-04-08 16:56:31 --> [Caused by] mysqli_sql_exception: You have an error in your SQL syntax; check the manual that corresponds to your MariaDB server version for the right syntax to use near '' at line 4
in SYSTEMPATH\Database\MySQLi\Connection.php on line 308.
 1 SYSTEMPATH\Database\MySQLi\Connection.php(308): mysqli->query('SELECT w1.id_sub1,w1.qt,w2.nama_barang,w2.harga,w2.qty,w2.link,w2.img,w2.amount,w2.units 
        FROM ta_wishlist_sub1 w1
        LEFT JOIN ta_wishlist_sub2 w2 on w1.id_sub1 = w2.id_sub1
        WHERE w1.id_wishlist =  ', 0)
 2 SYSTEMPATH\Database\BaseConnection.php(721): CodeIgniter\Database\MySQLi\Connection->execute('SELECT w1.id_sub1,w1.qt,w2.nama_barang,w2.harga,w2.qty,w2.link,w2.img,w2.amount,w2.units 
        FROM ta_wishlist_sub1 w1
        LEFT JOIN ta_wishlist_sub2 w2 on w1.id_sub1 = w2.id_sub1
        WHERE w1.id_wishlist =  ')
 3 SYSTEMPATH\Database\BaseConnection.php(635): CodeIgniter\Database\BaseConnection->simpleQuery('SELECT w1.id_sub1,w1.qt,w2.nama_barang,w2.harga,w2.qty,w2.link,w2.img,w2.amount,w2.units 
        FROM ta_wishlist_sub1 w1
        LEFT JOIN ta_wishlist_sub2 w2 on w1.id_sub1 = w2.id_sub1
        WHERE w1.id_wishlist =  ')
 4 APPPATH\Controllers\Wishlist.php(28): CodeIgniter\Database\BaseConnection->query('SELECT w1.id_sub1,w1.qt,w2.nama_barang,w2.harga,w2.qty,w2.link,w2.img,w2.amount,w2.units 
        FROM ta_wishlist_sub1 w1
        LEFT JOIN ta_wishlist_sub2 w2 on w1.id_sub1 = w2.id_sub1
        WHERE w1.id_wishlist =  ')
 5 SYSTEMPATH\CodeIgniter.php(933): App\Controllers\Wishlist->slug('sad')
 6 SYSTEMPATH\CodeIgniter.php(509): CodeIgniter\CodeIgniter->runController(Object(App\Controllers\Wishlist))
 7 SYSTEMPATH\CodeIgniter.php(355): CodeIgniter\CodeIgniter->handleRequest(null, Object(Config\Cache), false)
 8 SYSTEMPATH\Boot.php(312): CodeIgniter\CodeIgniter->run()
 9 SYSTEMPATH\Boot.php(67): CodeIgniter\Boot::runCodeIgniter(Object(CodeIgniter\CodeIgniter))
10 FCPATH\index.php(56): CodeIgniter\Boot::bootWeb(Object(Config\Paths))
11 SYSTEMPATH\Commands\Server\rewrite.php(49): require_once('C:\\Users\\Administrator\\Documents\\GitHub\\alasliving\\public\\index.php')
CRITICAL - 2024-04-08 16:58:03 --> ErrorException: foreach() argument must be of type array|object, string given
[Method: GET, Route: wishlist/sad]
in APPPATH\Views\wishlist.php on line 16.
 1 APPPATH\Views\wishlist.php(16): CodeIgniter\Debug\Exceptions->errorHandler(2, 'foreach() argument must be of type array|object, string given', 'C:\\Users\\Administrator\\Documents\\GitHub\\alasliving\\app\\Views\\wishlist.php', 16)
 2 SYSTEMPATH\View\View.php(234): include('C:\\Users\\Administrator\\Documents\\GitHub\\alasliving\\app\\Views\\wishlist.php')
 3 SYSTEMPATH\View\View.php(237): CodeIgniter\View\View->CodeIgniter\View\{closure}()
 4 SYSTEMPATH\Common.php(1171): CodeIgniter\View\View->render('wishlist', [], true)
 5 APPPATH\Controllers\Wishlist.php(37): view('wishlist', [...])
 6 SYSTEMPATH\CodeIgniter.php(933): App\Controllers\Wishlist->slug('sad')
 7 SYSTEMPATH\CodeIgniter.php(509): CodeIgniter\CodeIgniter->runController(Object(App\Controllers\Wishlist))
 8 SYSTEMPATH\CodeIgniter.php(355): CodeIgniter\CodeIgniter->handleRequest(null, Object(Config\Cache), false)
 9 SYSTEMPATH\Boot.php(312): CodeIgniter\CodeIgniter->run()
10 SYSTEMPATH\Boot.php(67): CodeIgniter\Boot::runCodeIgniter(Object(CodeIgniter\CodeIgniter))
11 FCPATH\index.php(56): CodeIgniter\Boot::bootWeb(Object(Config\Paths))
12 SYSTEMPATH\Commands\Server\rewrite.php(49): require_once('C:\\Users\\Administrator\\Documents\\GitHub\\alasliving\\public\\index.php')
WARNING - 2024-04-08 16:58:45 --> [DEPRECATED] number_format(): Passing null to parameter #1 ($num) of type float is deprecated in APPPATH\Views\wishlist.php on line 31.
 1 APPPATH\Views\wishlist.php(31): number_format(null)
 2 SYSTEMPATH\View\View.php(234): include('C:\\Users\\Administrator\\Documents\\GitHub\\alasliving\\app\\Views\\wishlist.php')
 3 SYSTEMPATH\View\View.php(237): CodeIgniter\View\View->CodeIgniter\View\{closure}()
 4 SYSTEMPATH\Common.php(1171): CodeIgniter\View\View->render('wishlist', [], true)
 5 APPPATH\Controllers\Wishlist.php(37): view('wishlist', [...])
 6 SYSTEMPATH\CodeIgniter.php(933): App\Controllers\Wishlist->slug('081791f6385d73c30c0b70043e7f05f2')
 7 SYSTEMPATH\CodeIgniter.php(509): CodeIgniter\CodeIgniter->runController(Object(App\Controllers\Wishlist))
 8 SYSTEMPATH\CodeIgniter.php(355): CodeIgniter\CodeIgniter->handleRequest(null, Object(Config\Cache), false)
 9 SYSTEMPATH\Boot.php(312): CodeIgniter\CodeIgniter->run()
10 SYSTEMPATH\Boot.php(67): CodeIgniter\Boot::runCodeIgniter(Object(CodeIgniter\CodeIgniter))
11 FCPATH\index.php(56): CodeIgniter\Boot::bootWeb(Object(Config\Paths))
12 SYSTEMPATH\Commands\Server\rewrite.php(49): require_once('C:\\Users\\Administrator\\Documents\\GitHub\\alasliving\\public\\index.php')
CRITICAL - 2024-04-08 17:13:21 --> ErrorException: Undefined property: stdClass::$id_sub2
[Method: GET, Route: wishlist/081791f6385d73c30c0b70043e7f05f2]
in APPPATH\Views\wishlist.php on line 34.
 1 APPPATH\Views\wishlist.php(34): CodeIgniter\Debug\Exceptions->errorHandler(2, 'Undefined property: stdClass::$id_sub2', 'C:\\Users\\Administrator\\Documents\\GitHub\\alasliving\\app\\Views\\wishlist.php', 34)
 2 SYSTEMPATH\View\View.php(234): include('C:\\Users\\Administrator\\Documents\\GitHub\\alasliving\\app\\Views\\wishlist.php')
 3 SYSTEMPATH\View\View.php(237): CodeIgniter\View\View->CodeIgniter\View\{closure}()
 4 SYSTEMPATH\Common.php(1171): CodeIgniter\View\View->render('wishlist', [], true)
 5 APPPATH\Controllers\Wishlist.php(37): view('wishlist', [...])
 6 SYSTEMPATH\CodeIgniter.php(933): App\Controllers\Wishlist->slug('081791f6385d73c30c0b70043e7f05f2')
 7 SYSTEMPATH\CodeIgniter.php(509): CodeIgniter\CodeIgniter->runController(Object(App\Controllers\Wishlist))
 8 SYSTEMPATH\CodeIgniter.php(355): CodeIgniter\CodeIgniter->handleRequest(null, Object(Config\Cache), false)
 9 SYSTEMPATH\Boot.php(312): CodeIgniter\CodeIgniter->run()
10 SYSTEMPATH\Boot.php(67): CodeIgniter\Boot::runCodeIgniter(Object(CodeIgniter\CodeIgniter))
11 FCPATH\index.php(56): CodeIgniter\Boot::bootWeb(Object(Config\Paths))
12 SYSTEMPATH\Commands\Server\rewrite.php(49): require_once('C:\\Users\\Administrator\\Documents\\GitHub\\alasliving\\public\\index.php')
CRITICAL - 2024-04-08 23:42:50 --> ErrorException: Undefined variable $r
[Method: GET, Route: wishlist/081791f6385d73c30c0b70043e7f05f2]
in APPPATH\Views\wishlist.php on line 20.
 1 APPPATH\Views\wishlist.php(20): CodeIgniter\Debug\Exceptions->errorHandler(2, 'Undefined variable $r', 'C:\\Users\\Administrator\\Documents\\GitHub\\alasliving\\app\\Views\\wishlist.php', 20)
 2 SYSTEMPATH\View\View.php(234): include('C:\\Users\\Administrator\\Documents\\GitHub\\alasliving\\app\\Views\\wishlist.php')
 3 SYSTEMPATH\View\View.php(237): CodeIgniter\View\View->CodeIgniter\View\{closure}()
 4 SYSTEMPATH\Common.php(1171): CodeIgniter\View\View->render('wishlist', [], true)
 5 APPPATH\Controllers\Wishlist.php(38): view('wishlist', [...])
 6 SYSTEMPATH\CodeIgniter.php(933): App\Controllers\Wishlist->slug('081791f6385d73c30c0b70043e7f05f2')
 7 SYSTEMPATH\CodeIgniter.php(509): CodeIgniter\CodeIgniter->runController(Object(App\Controllers\Wishlist))
 8 SYSTEMPATH\CodeIgniter.php(355): CodeIgniter\CodeIgniter->handleRequest(null, Object(Config\Cache), false)
 9 SYSTEMPATH\Boot.php(312): CodeIgniter\CodeIgniter->run()
10 SYSTEMPATH\Boot.php(67): CodeIgniter\Boot::runCodeIgniter(Object(CodeIgniter\CodeIgniter))
11 FCPATH\index.php(56): CodeIgniter\Boot::bootWeb(Object(Config\Paths))
12 SYSTEMPATH\Commands\Server\rewrite.php(49): require_once('C:\\Users\\Administrator\\Documents\\GitHub\\alasliving\\public\\index.php')
